<?xml version="1.0" encoding="UTF-8"?>
<host-agent>
	<target-id>33</target-id>
	<account-id>1</account-id>
	<service>
		<name>base</name>
		<class>com.cloudwise.hostagent.task.os.BaseTask</class>
		<service-group>
			<service-item>
				<id>f899139df5e1059396431415e770c6dd</id>
				<active>y</active>
				<freq>5</freq>
				<probability>100</probability>
			</service-item>
			<service-item>
				<config>
					<user>will</user>
					<password>abc</password>
				</config>
				<active>y</active>
			</service-item>
		</service-group>
		<metrics>
			<metric>
				<name>description</name>
				<active>y</active>
			</metric>
			<metric>
				<name>uptime</name>
				<active>y</active>
			</metric>
			<metric>
				<name>arch</name>
				<active>y</active>
			</metric>
			<metric>
				<name>vendor</name>
				<active>y</active>
			</metric>
			<metric>
				<name>vendorVersion</name>
				<active>n</active>
			</metric>
			<metric>
				<name>machine</name>
				<active>y</active>
			</metric>
		</metrics>
	</service>

	<service>
		<service-group>
			<service-item>
				<active>y</active>
				<freq>5</freq>
				<id>38b3eff8baf56627478ec76a704e9b52</id>
				<probability>100</probability>
			</service-item>
		</service-group>
		<metrics>
			<metric>
				<active>y</active>
				<name>1mins</name>
				<win />
			</metric>
			<metric>
				<active>y</active>
				<name>5mins</name>
				<win />
			</metric>
			<metric>
				<active>y</active>
				<name>15mins</name>
				<win />
			</metric>
		</metrics>
		<class>com.cloudwise.hostagent.task.os.CpuBurdenTask</class>
		<name>cpu_burden</name>
	</service>

	<service>
		<service-group>
			<service-item>
				<active>y</active>
				<freq>5</freq>
				<id>ec8956637a99787bd197eacd77acce5e</id>
				<probability>100</probability>
			</service-item>
		</service-group>
		<metrics>
			<metric>
				<active>y</active>
				<name>user</name>
			</metric>
			<metric>
				<active>y</active>
				<name>sys</name>
			</metric>
			<metric>
				<active>y</active>
				<name>nice</name>
			</metric>
			<metric>
				<active>y</active>
				<name>idle</name>
			</metric>
			<metric>
				<active>y</active>
				<name>wait</name>
			</metric>
			<metric>
				<active>y</active>
				<name>irq</name>
			</metric>
			<metric>
				<active>y</active>
				<name>softIrq</name>
			</metric>
			<metric>
				<active>y</active>
				<name>stolen</name>
			</metric>
			<metric>
				<active>y</active>
				<name>combined</name>
			</metric>
		</metrics>
		<class>com.cloudwise.hostagent.task.os.CpuUsageTask</class>
		<name>cpu_usage</name>
	</service>

	<service>
		<service-group>
			<service-item>
				<active>y</active>
				<freq>5</freq>
				<id>f0935e4cd5920aa6c7c996a5ee53a70f</id>
				<probability>100</probability>
			</service-item>
		</service-group>
		<metrics>
			<metric>
				<active>y</active>
				<name>devName</name>
			</metric>
			<metric>
				<active>y</active>
				<name>diskQueue</name>
			</metric>
			<metric>
				<active>y</active>
				<name>diskWrites</name>
			</metric>
			<metric>
				<active>y</active>
				<name>diskReads</name>
			</metric>
			<metric>
				<active>y</active>
				<name>diskReadBytes</name>
			</metric>
			<metric>
				<active>y</active>
				<name>diskWriteBytes</name>
			</metric>
			<metric>
				<active>y</active>
				<name>diskServiceTime</name>
			</metric>
			<metric>
				<active>y</active>
				<name>diskWriteTimePerSec</name>
			</metric>
			<metric>
				<active>y</active>
				<name>diskReadTimePerSec</name>
			</metric>
			<metric>
				<active>y</active>
				<name>diskWriteKPerSec</name>
			</metric>
			<metric>
				<active>y</active>
				<name>diskReadKPerSec</name>
			</metric>
		</metrics>
		<class>com.cloudwise.hostagent.task.os.DiskIOTask</class>
		<name>disk_io</name>
	</service>

	<service>
		<service-group>
			<service-item>
				<active>y</active>
				<freq>5</freq>
				<id>65b9eea6e1cc6bb9f0cd2a47751a186f</id>
				<probability>100</probability>
			</service-item>
		</service-group>
		<metrics>
			<metric>
				<active>y</active>
				<name>devName</name>
			</metric>
			<metric>
				<active>y</active>
				<name>usePercent</name>
			</metric>
			<metric>
				<active>y</active>
				<name>freeFiles</name>
			</metric>
			<metric>
				<active>y</active>
				<name>avail</name>
			</metric>
			<metric>
				<active>y</active>
				<name>used</name>
			</metric>
			<metric>
				<active>y</active>
				<name>free</name>
			</metric>
			<metric>
				<active>y</active>
				<name>total</name>
			</metric>
			<metric>
				<active>y</active>
				<name>files</name>
			</metric>
		</metrics>
		<class>com.cloudwise.hostagent.task.os.DiskUsageTask</class>
		<name>disk_usage</name>
	</service>

	<service>
		<service-group>
			<service-item>
				<active>y</active>
				<freq>5</freq>
				<id>6974ce5ac660610b44d9b9fed0ff9548</id>
				<probability>100</probability>
			</service-item>
		</service-group>
		<metrics>
			<metric>
				<active>y</active>
				<name>memTotal</name>
			</metric>
			<metric>
				<active>y</active>
				<name>memRam</name>
			</metric>
			<metric>
				<active>y</active>
				<name>memUsed</name>
			</metric>
			<metric>
				<active>y</active>
				<name>memFree</name>
			</metric>
			<metric>
				<active>y</active>
				<name>memActualUsed</name>
			</metric>
			<metric>
				<active>y</active>
				<name>memActualFree</name>
			</metric>
			<metric>
				<active>y</active>
				<name>memUsedPercent</name>
			</metric>
			<metric>
				<active>y</active>
				<name>memFreePercent</name>
			</metric>
			<metric>
				<active>y</active>
				<name>swapTotal</name>
			</metric>
			<metric>
				<active>y</active>
				<name>swapUsed</name>
			</metric>
			<metric>
				<active>y</active>
				<name>swapFree</name>
			</metric>
			<metric>
				<active>y</active>
				<name>swapPageIn</name>
			</metric>
			<metric>
				<active>y</active>
				<name>swapPageOut</name>
			</metric>
			<metric>
				<active>y</active>
				<name>total</name>
			</metric>
			<metric>
				<active>y</active>
				<name>used</name>
			</metric>
			<metric>
				<active>y</active>
				<name>free</name>
			</metric>
			<metric>
				<active>y</active>
				<name>shared</name>
			</metric>
			<metric>
				<active>y</active>
				<name>buffers</name>
			</metric>
			<metric>
				<active>y</active>
				<name>cached</name>
			</metric>
		</metrics>
		<class>com.cloudwise.hostagent.task.os.MemTask</class>
		<name>mem</name>
	</service>

	<service>
		<service-group>

			<service-item>
				<config>
					<user>root</user>
					<password />
					<uri>jdbc:mysql://10.0.1.137:3306/mysql?&amp;useUnicode=true&amp;characterEncoding=UTF-8
					</uri>
					<slow-threshold>1</slow-threshold>
				</config>
				<active>y</active>
				<freq>5</freq>
				<id>dsgfdgdfgd</id>
				<probability>100</probability>
			</service-item>
			<service-item>
				<config>
					<user>will</user>
					<password>abc</password>
				</config>
				<active>y</active>
			</service-item>
		</service-group>
		<metrics>
			<metric>
				<active>y</active>
				<name>query_cache_hits_rate</name>
			</metric>
			<metric>
				<active>y</active>
				<name>Bytes_sent</name>
			</metric>
			<metric>
				<active>y</active>
				<name>Key_read_requests</name>
			</metric>
			<metric>
				<active>y</active>
				<name>key_buffer_size</name>
			</metric>
			<metric>
				<active>y</active>
				<name>Com_change_db</name>
			</metric>
			<metric>
				<active>y</active>
				<name>Threads_cached</name>
			</metric>
			<metric>
				<active>y</active>
				<name>Com_select</name>
			</metric>
			<metric>
				<active>y</active>
				<name>Com_update</name>
			</metric>
			<metric>
				<active>y</active>
				<name>Threads_connected</name>
			</metric>
			<metric>
				<active>y</active>
				<name>Key_reads</name>
			</metric>
			<metric>
				<active>y</active>
				<name>query_cache_limit</name>
			</metric>
			<metric>
				<active>y</active>
				<name>Com_insert</name>
			</metric>
			<metric>
				<active>y</active>
				<name>max_connections</name>
			</metric>
			<metric>
				<active>y</active>
				<name>Bytes_received</name>
			</metric>
			<metric>
				<active>y</active>
				<name>Slave_retried_transactions</name>
			</metric>
			<metric>
				<active>y</active>
				<name>query_cache_size</name>
			</metric>
			<metric>
				<active>y</active>
				<name>Com_delete</name>
			</metric>
			<metric>
				<active>y</active>
				<name>Qcache_queries_in_cache</name>
			</metric>
			<metric>
				<active>y</active>
				<name>Table_locks_waited</name>
			</metric>
			<metric>
				<active>y</active>
				<name>Threads_running</name>
			</metric>
			<metric>
				<active>y</active>
				<name>Max_used_connections</name>
			</metric>
			<metric>
				<active>y</active>
				<name>Table_locks_immediate</name>
			</metric>
			<metric>
				<active>y</active>
				<name>Slave_open_temp_tables</name>
			</metric>
			<metric>
				<active>y</active>
				<name>cacheUsed</name>
			</metric>
			<metric>
				<active>y</active>
				<name>outMBPerSec</name>
			</metric>
			<metric>
				<active>y</active>
				<name>inMBPerSec</name>
			</metric>
			<metric>
				<active>y</active>
				<name>deletePerSec</name>
			</metric>
			<metric>
				<active>y</active>
				<name>insertPerSec</name>
			</metric>
			<metric>
				<active>y</active>
				<name>updatePerSec</name>
			</metric>
			<metric>
				<active>y</active>
				<name>selectPerSec</name>
			</metric>
			<metric>
				<active>y</active>
				<name>changeDBPerSec</name>
			</metric>
			<metric>
				<active>y</active>
				<name>Slave_running</name>
			</metric>
			<metric>
				<active>y</active>
				<name>Com_slave_stop</name>
			</metric>
			<metric>
				<active>y</active>
				<name>Slave_open_temp_tables</name>
			</metric>
			<metric>
				<active>y</active>
				<name>Slave_retried_transactions</name>
			</metric>
			<sub-service-item>
				<metric>
					<active>y</active>
					<name>info</name>
				</metric>
				<metric>
					<active>y</active>
					<name>time</name>
				</metric>
				<metric>
					<active>y</active>
					<name>user</name>
				</metric>
				<metric>
					<active>y</active>
					<name>DB</name>
				</metric>
				<metric>
					<active>y</active>
					<name>host</name>
				</metric>
				<metric>
					<active>y</active>
					<name>state</name>
				</metric>
				<metric>
					<active>y</active>
					<name>count</name>
				</metric>
				<metric>
					<active>y</active>
					<name>command</name>
				</metric>
			</sub-service-item>
		</metrics>
		<class>com.cloudwise.hostagent.task.mysql.MysqlTask</class>
		<name>mysql</name>
	</service>

	<service>
		<service-group>
			<service-item>
				<active>y</active>
				<freq>5</freq>
				<id>c9e1074f5b3f9fc8ea15d152add07294</id>
				<probability>100</probability>
			</service-item>
		</service-group>
		<metrics>
			<metric>
				<active>y</active>
				<name>tcpStates</name>
			</metric>
			<metric>
				<active>y</active>
				<name>tcpInboundTotal</name>
			</metric>
			<metric>
				<active>y</active>
				<name>tcpOutboundTotal</name>
			</metric>
			<metric>
				<active>y</active>
				<name>allInboundTotal</name>
			</metric>
			<metric>
				<active>y</active>
				<name>allOutboundTotal</name>
			</metric>
			<sub-service-item>
				<metric>
					<active>y</active>
					<name>name</name>
				</metric>
				<metric>
					<active>y</active>
					<name>rxBytes</name>
				</metric>
				<metric>
					<active>y</active>
					<name>rxPackets</name>
				</metric>
				<metric>
					<active>y</active>
					<name>rxErrors</name>
				</metric>
				<metric>
					<active>y</active>
					<name>rxDropped</name>
				</metric>
				<metric>
					<active>y</active>
					<name>rxOverruns</name>
				</metric>
				<metric>
					<active>y</active>
					<name>rxFrame</name>
				</metric>
				<metric>
					<active>y</active>
					<name>txBytes</name>
				</metric>
				<metric>
					<active>y</active>
					<name>txPackets</name>
				</metric>
				<metric>
					<active>y</active>
					<name>txErrors</name>
				</metric>
				<metric>
					<active>y</active>
					<name>txDropped</name>
				</metric>
				<metric>
					<active>y</active>
					<name>txOverruns</name>
				</metric>
				<metric>
					<active>y</active>
					<name>txCollisions</name>
				</metric>
				<metric>
					<active>y</active>
					<name>txCarrier</name>
				</metric>
				<metric>
					<active>y</active>
					<name>speed</name>
				</metric>
				<metric>
					<active>y</active>
					<name>inMbps</name>
				</metric>
				<metric>
					<active>y</active>
					<name>outMbps</name>
				</metric>
			</sub-service-item>
		</metrics>
		<class>com.cloudwise.hostagent.task.os.NetItfTask</class>
		<name>net</name>
	</service>


	<service>
		<name>tomcat</name>
		<class>com.cloudwise.hostagent.task.tomcat.TomcatTask</class>
		<service-group>
			<service-item>
				<id>aslfjdlasjdflksdjf</id>
				<active>y</active>
				<freq>5</freq>
				<probability>100</probability>
				<config>
					<user>controlRole</user>
					<password>R&amp;D</password>
					<ip>10.0.1.44</ip>
					<port>8999</port>
				</config>
			</service-item>
			<service-item>
				<id>aslfjdlasjdfsdfsfdflksdjf</id>
				<active>y</active>
				<freq>5</freq>
				<probability>100</probability>
				<config>
					<user>controlRole</user>
					<password>R&amp;D</password>
					<ip>10.0.1.44</ip>
					<port>8999</port>
				</config>
			</service-item>
		</service-group>
		<metrics>
			<metric>
				<name>memInit</name>
				<active>y</active>
			</metric>
			<metric>
				<name>memMax</name>
				<active>y</active>
			</metric>
			<metric>
				<name>memUsed</name>
				<active>y</active>
			</metric>
			<metric>
				<name>memCommitted</name>
				<active>y</active>
			</metric>
			<metric>
				<name>peakThreadCount</name>
				<active>y</active>
			</metric>
			<metric>
				<name>threadCount</name>
				<active>y</active>
			</metric>
			<metric>
				<name>totalStartedThreadCount</name>
				<active>y</active>
			</metric>
			<metric>
				<name>version</name>
				<active>y</active>
			</metric>
			<sub-service-item>
				<!-- <name>sub</name> -->
				<metric>
					<name>name</name>
					<active>y</active>
				</metric>
				<metric>
					<name>bytesSent</name>
					<active>y</active>
				</metric>
				<metric>
					<name>bytesReceived</name>
					<active>y</active>
				</metric>
				<metric>
					<name>processingTime</name>
					<active>y</active>
				</metric>
				<metric>
					<name>maxTime</name>
					<active>y</active>
				</metric>
				<metric>
					<name>errorCount</name>
					<active>n</active>
				</metric>
				<metric>
					<name>requestCount</name>
					<active>y</active>
				</metric>
				<metric>
					<name>maxThreads</name>
					<active>y</active>
				</metric>
				<metric>
					<name>currentThreadsBusy</name>
					<active>y</active>
				</metric>
				<metric>
					<active>y</active>
					<name>avgProcessTime</name>
				</metric>
				<metric>
					<active>y</active>
					<name>reqPerSec</name>
				</metric>
				<metric>
					<active>y</active>
					<name>errorPerSec</name>
				</metric>
				<metric>
					<active>y</active>
					<name>inMBPerSec</name>
				</metric>
				<metric>
					<active>y</active>
					<name>outMBPerSec</name>
				</metric>
			</sub-service-item>
		</metrics>
	</service>

	<service>
		<service-group>
			<service-item>
				<config>
					<uri>http://localhost:80/server-status?auto</uri>
				</config>
				<active>y</active>
				<freq>5</freq>
				<id>sdfsdfsdfsd</id>
				<probability>100</probability>
			</service-item>
			<service-item>
				<config>
					<uri>http://localhost:80/server-status?auto</uri>
				</config>
				<active>y</active>
				<freq>5</freq>
				<id>safasdfasdfasd</id>
				<probability>100</probability>
			</service-item>
		</service-group>
		<metrics>
			<metric>
				<active>y</active>
				<name>alive</name>
			</metric>
			<metric>
				<active>n</active>
				<name>waitFor</name>
			</metric>
			<metric>
				<active>y</active>
				<name>closeConn</name>
			</metric>
			<metric>
				<active>y</active>
				<name>sendReply</name>
			</metric>
			<metric>
				<active>y</active>
				<name>readReq</name>
			</metric>
			<metric>
				<active>y</active>
				<name>reqPerSec</name>
			</metric>
			<metric>
				<active>y</active>
				<name>totalReq</name>
			</metric>
		</metrics>
		<class>com.cloudwise.hostagent.task.apache.ApacheTask</class>
		<name>apache</name>
	</service>
	<service>
		<class>com.cloudwise.hostagent.task.os.ProcessTask</class>
		<name>proc</name>
		<service-group>
			<service-item>
				<active>y</active>
				<freq>5</freq>
				<id>a97da629b098b75c294dffdc3e463904</id>
				<probability>100</probability>
			</service-item>
		</service-group>
		<metrics>
			<metric>
				<active>y</active>
				<name>totalCount</name>
			</metric>
			<sub-service-item>
				<metric>
					<active>y</active>
					<name>stateName</name>
				</metric>
				<metric>
					<active>y</active>
					<name>credUser</name>
				</metric>
				<metric>
					<active>y</active>
					<name>credGroup</name>
				</metric>
				<metric>
					<active>y</active>
					<name>cpuPercent</name>
				</metric>
				<metric>
					<active>y</active>
					<name>cpuTotal</name>
				</metric>
				<metric>
					<active>y</active>
					<name>memSize</name>
				</metric>
				<metric>
					<active>n</active>
					<name>diskIOBytesTotal</name>
				</metric>
			</sub-service-item>
		</metrics>
	</service>
</host-agent>
